time="16-04-2021 20:26:29.1484" level=info msg="2021-04-16 20:26:29" file="/Users/user/Documents/workspace/go/src/github.com/bns-engineering/mambusrc2des/tmain.go:28 @main"
time="16-04-2021 20:26:29.1485" level=info msg=Starting... file="/Users/user/Documents/workspace/go/src/github.com/bns-engineering/mambusrc2des/tmain.go:29 @main"
time="16-04-2021 20:26:29.15" level=info msg="Debug Mode: true" file="/Users/user/Documents/workspace/go/src/github.com/bns-engineering/mambusrc2des/tmain.go:41 @main"
time="16-04-2021 20:26:29.1501" level=info msg="GRPC account  : \"127.0.0.1:8080\"" file="/Users/user/Documents/workspace/go/src/github.com/bns-engineering/mambusrc2des/tmain.go:42 @main"
time="16-04-2021 20:26:29.1501" level=info msg="GRPC account  : \"127.0.0.1:8080\"" file="/Users/user/Documents/workspace/go/src/github.com/bns-engineering/mambusrc2des/tmain.go:43 @main"
time="16-04-2021 20:26:29.1502" level=info msg="GRPC customer : \"127.0.0.1:8080\"" file="/Users/user/Documents/workspace/go/src/github.com/bns-engineering/mambusrc2des/tmain.go:44 @main"
time="16-04-2021 20:26:29.1503" level=info msg="GRPC param    : \"127.0.0.1:8079\"" file="/Users/user/Documents/workspace/go/src/github.com/bns-engineering/mambusrc2des/tmain.go:45 @main"
time="16-04-2021 20:26:29.1503" level=info msg="GRPC security : \"127.0.0.1:8088\"" file="/Users/user/Documents/workspace/go/src/github.com/bns-engineering/mambusrc2des/tmain.go:46 @main"
time="16-04-2021 20:26:29.1503" level=info msg="GRPC transfer : \"127.0.0.1:8085\"" file="/Users/user/Documents/workspace/go/src/github.com/bns-engineering/mambusrc2des/tmain.go:47 @main"
time="16-04-2021 20:26:29.1508" level=info msg="Http Server Started. Listening on port: :9090" file="/Users/user/Documents/workspace/go/src/github.com/bns-engineering/mambusrc2des/tmain.go:86 @serveHTTP"
time="16-04-2021 20:26:29.151" level=error msg="failed listen and serve rest" err="listen tcp :9090: bind: address already in use" file="/Users/user/Documents/workspace/go/src/github.com/bns-engineering/mambusrc2des/tmain.go:88 @serveHTTP"
time="16-04-2021 20:27:46.4692" level=info msg="2021-04-16 20:27:46" file="/Users/user/Documents/workspace/go/src/github.com/bns-engineering/mambusrc2des/tmain.go:28 @main"
time="16-04-2021 20:27:46.4695" level=info msg=Starting... file="/Users/user/Documents/workspace/go/src/github.com/bns-engineering/mambusrc2des/tmain.go:29 @main"
time="16-04-2021 20:27:46.4707" level=info msg="Debug Mode: true" file="/Users/user/Documents/workspace/go/src/github.com/bns-engineering/mambusrc2des/tmain.go:41 @main"
time="16-04-2021 20:27:46.4708" level=info msg="GRPC account  : \"127.0.0.1:8080\"" file="/Users/user/Documents/workspace/go/src/github.com/bns-engineering/mambusrc2des/tmain.go:42 @main"
time="16-04-2021 20:27:46.4708" level=info msg="GRPC account  : \"127.0.0.1:8080\"" file="/Users/user/Documents/workspace/go/src/github.com/bns-engineering/mambusrc2des/tmain.go:43 @main"
time="16-04-2021 20:27:46.4709" level=info msg="GRPC customer : \"127.0.0.1:8080\"" file="/Users/user/Documents/workspace/go/src/github.com/bns-engineering/mambusrc2des/tmain.go:44 @main"
time="16-04-2021 20:27:46.4709" level=info msg="GRPC param    : \"127.0.0.1:8079\"" file="/Users/user/Documents/workspace/go/src/github.com/bns-engineering/mambusrc2des/tmain.go:45 @main"
time="16-04-2021 20:27:46.471" level=info msg="GRPC security : \"127.0.0.1:8088\"" file="/Users/user/Documents/workspace/go/src/github.com/bns-engineering/mambusrc2des/tmain.go:46 @main"
time="16-04-2021 20:27:46.471" level=info msg="GRPC transfer : \"127.0.0.1:8085\"" file="/Users/user/Documents/workspace/go/src/github.com/bns-engineering/mambusrc2des/tmain.go:47 @main"
time="16-04-2021 20:27:46.4714" level=info msg="Http Server Started. Listening on port: :9090" file="/Users/user/Documents/workspace/go/src/github.com/bns-engineering/mambusrc2des/tmain.go:86 @serveHTTP"
time="16-04-2021 20:28:25.098" level=info msg="2021-04-16 20:28:25" file="/Users/user/Documents/workspace/go/src/github.com/bns-engineering/mambusrc2des/tmain.go:27 @main"
time="16-04-2021 20:28:25.0981" level=info msg=Starting... file="/Users/user/Documents/workspace/go/src/github.com/bns-engineering/mambusrc2des/tmain.go:28 @main"
time="16-04-2021 20:28:25.1001" level=info msg="Http Server Started. Listening on port: :9090" file="/Users/user/Documents/workspace/go/src/github.com/bns-engineering/mambusrc2des/tmain.go:85 @serveHTTP"
time="16-04-2021 20:31:09.3533" level=info msg="2021-04-16 20:31:09" file="main.go:27 @main"
time="16-04-2021 20:31:09.3534" level=info msg=Starting... file="main.go:28 @main"
time="16-04-2021 20:31:09.3545" level=info msg="Http Server Started. Listening on port: :9090" file="main.go:85 @serveHTTP"
time="16-04-2021 21:01:52.9868" level=info msg="2021-04-16 21:01:52" file="main.go:22 @main"
time="16-04-2021 21:01:52.9869" level=info msg=Starting... file="main.go:23 @main"
time="16-04-2021 21:01:52.9886" level=info msg="Http Server Started. Listening on port: :9090" file="main.go:80 @serveHTTP"
time="16-04-2021 21:02:04.4803" level=info msg="2021-04-16 21:02:04" file="main.go:23 @main"
time="16-04-2021 21:02:04.4804" level=info msg=Starting... file="main.go:24 @main"
time="16-04-2021 21:02:04.4816" level=info msg="Http Server Started. Listening on port: :9090" file="main.go:81 @serveHTTP"
time="16-04-2021 21:03:07.2474" level=info msg="2021-04-16 21:03:07" file="main.go:23 @main"
time="16-04-2021 21:03:07.2475" level=info msg=Starting... file="main.go:24 @main"
time="16-04-2021 21:03:07.2485" level=info msg="Http Server Started. Listening on port: :9090" file="main.go:81 @serveHTTP"
time="16-04-2021 21:05:26.0361" level=info msg="2021-04-16 21:05:26" file="main.go:23 @main"
time="16-04-2021 21:05:26.0362" level=info msg=Starting... file="main.go:24 @main"
time="16-04-2021 21:05:26.038" level=info msg="Http Server Started. Listening on port: :9090" file="main.go:81 @serveHTTP"
time="16-04-2021 21:05:55.7326" level=info msg="2021-04-16 21:05:55" file="main.go:23 @main"
time="16-04-2021 21:05:55.7327" level=info msg=Starting... file="main.go:24 @main"
time="16-04-2021 21:05:55.7343" level=info msg="Http Server Started. Listening on port: :9090" file="main.go:81 @serveHTTP"
time="16-04-2021 21:07:32.6478" level=error msg="SessionID empty []"
time="16-04-2021 21:07:32.6502" level=error msg="***ERROR: rpc error: code = Unavailable desc = connection error: desc = \"transport: Error while dialing dial tcp 127.0.0.1:8088: connect: connection refused\" []"
time="16-04-2021 21:07:32.6503" level=error msg="Invalid SessionID []"
time="16-04-2021 21:07:32.6506" level=info msg="Reply   < [UserInfo] [] [RC=31]\n{\"responseCode\":\"31\",\"responseMessage\":\"Invalid sessionId\"}"
time="16-04-2021 21:10:06.856" level=error msg="SessionID empty []"
time="16-04-2021 21:10:06.8575" level=error msg="***ERROR: rpc error: code = Unavailable desc = connection error: desc = \"transport: Error while dialing dial tcp 127.0.0.1:8088: connect: connection refused\" []"
time="16-04-2021 21:10:06.8576" level=error msg="Invalid SessionID []"
time="16-04-2021 21:10:06.8577" level=info msg="Reply   < [UserInfo] [] [RC=31]\n{\"responseCode\":\"31\",\"responseMessage\":\"Invalid sessionId\"}"
time="16-04-2021 21:23:47.9501" level=info msg="2021-04-16 21:23:47" file="main.go:23 @main"
time="16-04-2021 21:23:47.9502" level=info msg=Starting... file="main.go:24 @main"
time="16-04-2021 21:23:47.9517" level=info msg="Http Server Started. Listening on port: :9090" file="main.go:81 @serveHTTP"
time="16-04-2021 21:26:43.0825" level=info msg="2021-04-16 21:26:43" file="main.go:23 @main"
time="16-04-2021 21:26:43.0834" level=info msg=Starting... file="main.go:24 @main"
time="16-04-2021 21:26:43.0849" level=info msg="Http Server Started. Listening on port: :9090" file="main.go:81 @serveHTTP"
time="16-04-2021 21:28:05.2417" level=info msg="2021-04-16 21:28:05" file="main.go:23 @main"
time="16-04-2021 21:28:05.2418" level=info msg=Starting... file="main.go:24 @main"
time="16-04-2021 21:28:05.2434" level=info msg="Http Server Started. Listening on port: :9090" file="main.go:81 @serveHTTP"
time="16-04-2021 21:28:50.9738" level=info msg="2021-04-16 21:28:50" file="main.go:23 @main"
time="16-04-2021 21:28:50.974" level=info msg=Starting... file="main.go:24 @main"
time="16-04-2021 21:28:50.9752" level=info msg="Http Server Started. Listening on port: :9090" file="main.go:81 @serveHTTP"
time="16-04-2021 21:29:10.527" level=info msg="Request > [DEPOSITO] [MATURE]\n{DEPOSITO MATURE 2021-04-16 21:28:56 000 22332 2343}"
time="16-04-2021 21:32:35.157" level=info msg="Reply   < [DEPOSITO] [MATURE] [RC=06]\n{\"responseCode\":\"06\",\"responseMessage\":\"General error\"}"
time="16-04-2021 21:32:57.3617" level=info msg="Request > [DEPOSITO] [MATURE]\n{DEPOSITO MATURE 2021-04-16 21:32:53 000 22332 2343}"
time="16-04-2021 21:32:57.3628" level=info msg="Reply   < [DEPOSITO] [MATURE] [RC=06]\n{\"responseCode\":\"06\",\"responseMessage\":\"General error\"}"
time="16-04-2021 21:33:00.6254" level=info msg="Request > [DEPOSITO] [MATURE]\n{DEPOSITO MATURE 2021-04-16 21:33:00 000 22332 2343}"
time="16-04-2021 21:33:00.6256" level=info msg="Reply   < [DEPOSITO] [MATURE] [RC=06]\n{\"responseCode\":\"06\",\"responseMessage\":\"General error\"}"
time="16-04-2021 23:36:46.9293" level=info msg="Request > [DEPOSITO] [MATURE]\n{DEPOSITO MATURE 2021-04-16 23:36:46 000 22332 2343}"
time="16-04-2021 23:36:46.9301" level=info msg="Reply   < [DEPOSITO] [MATURE] [RC=06]\n{\"responseCode\":\"06\",\"responseMessage\":\"General error\"}"
time="16-04-2021 23:39:35.5602" level=info msg="2021-04-16 23:39:35" file="main.go:23 @main"
time="16-04-2021 23:39:35.5603" level=info msg=Starting... file="main.go:24 @main"
time="18-04-2021 11:02:30.9818" level=info msg="2021-04-18 11:02:30" file="main.go:23 @main"
time="18-04-2021 11:02:30.9823" level=info msg=Starting... file="main.go:24 @main"
time="18-04-2021 11:02:30.984" level=info msg="Http Server Started. Listening on port: :9090" file="main.go:81 @serveHTTP"
time="18-04-2021 11:05:26.8585" level=info msg="2021-04-18 11:05:26" file="main.go:23 @main"
time="18-04-2021 11:05:26.8587" level=info msg=Starting... file="main.go:24 @main"
time="18-04-2021 11:05:26.8607" level=info msg="Http Server Started. Listening on port: :9090" file="main.go:83 @serveHTTP"
time="18-04-2021 11:06:01.5799" level=info msg="2021-04-18 11:06:01" file="main.go:23 @main"
time="18-04-2021 11:06:01.58" level=info msg=Starting... file="main.go:24 @main"
time="18-04-2021 11:06:01.5818" level=info msg="Http Server Started. Listening on port: :9090" file="main.go:83 @serveHTTP"
time="18-04-2021 11:06:03.8855" level=info msg="Request > [] []\n{     }"
time="18-04-2021 11:06:03.8857" level=info msg="Reply   < [] [] [RC=30]\n{\"responseCode\":\"30\",\"responseMessage\":\"Format error\"}"
time="18-04-2021 11:07:37.5843" level=info msg="Request > [] []\n{     }"
time="18-04-2021 11:08:08.9707" level=info msg="Reply   < [] [] [RC=30]\n{\"responseCode\":\"30\",\"responseMessage\":\"Format error\"}"
time="18-04-2021 11:11:20.3051" level=info msg="2021-04-18 11:11:20" file="main.go:23 @main"
time="18-04-2021 11:11:20.3056" level=info msg=Starting... file="main.go:24 @main"
time="18-04-2021 11:11:20.3069" level=info msg="Http Server Started. Listening on port: :9090" file="main.go:83 @serveHTTP"
time="18-04-2021 11:11:30.5627" level=info msg="Request > [map[_metadata:map[acquirerIID:000014 beneficiaryAccountNo:12345678 currency:IDR destinationIID:000014 externalOriTransactionDetailID:. externalOriTransactionID:. externalTransactionDetailID:123 externalTransactionID:987 forwarderIID:101001 issuerIID:000947 messageType:0200 productCode:101001 sourceAccountNo:10092542497 terminalID:{terminalID} terminalRRN:{terminalRRN} terminalType:6011 tranDesc1:ATM TRF OUT BCA tranDesc2:TO 12345678 {DestAccountName} tranDesc3:. transactionDateTime:2021-04-18 11:11:23 transactionType:46] amount:%!s(float64=10000) transactionDetails:map[transactionChannelId:ATMB_TRF_OUT]]] "
time="18-04-2021 11:12:12.7741" level=info msg="Reply   < [RC=06]\n{\"responseCode\":\"06\",\"responseMessage\":\"General error\"}"
time="18-04-2021 11:12:56.845" level=info msg="Request > [map[_metadata:map[acquirerIID:000014 beneficiaryAccountNo:12345678 currency:IDR destinationIID:000014 externalOriTransactionDetailID:. externalOriTransactionID:. externalTransactionDetailID:123 externalTransactionID:987 forwarderIID:101001 issuerIID:000947 messageType:0200 productCode:101001 sourceAccountNo:10092542497 terminalID:{terminalID} terminalRRN:{terminalRRN} terminalType:6011 tranDesc1:ATM TRF OUT BCA tranDesc2:TO 12345678 {DestAccountName} tranDesc3:. transactionDateTime:2021-04-18 11:12:52 transactionType:46] amount:%!s(float64=10000) transactionDetails:map[transactionChannelId:ATMB_TRF_OUT]]] "
